Base path: /Applications/Unity/Unity.app/Contents
Pipe name: \\.\pipe\UnityShaderCompiler-1--1592516184
Cmd: getPlatforms
Cmd: preprocess
  insize=2919 outsize=1774 ok=1
Cmd: compileSnippet
  api=0 type=0 insize=5491 outsize=1436 kw=DIRECTIONAL SHADOWS_OFF LIGHTMAP_OFF DIRLIGHTMAP_OFF ok=1
Cmd: compileSnippet
  api=0 type=1 insize=5491 outsize=1031 kw=DIRECTIONAL SHADOWS_OFF LIGHTMAP_OFF DIRLIGHTMAP_OFF ok=1
Cmd: compileSnippet
  api=0 type=0 insize=3334 outsize=1314 kw=POINT ok=1
Cmd: compileSnippet
  api=0 type=1 insize=3334 outsize=1212 kw=POINT ok=1
Cmd: compileSnippet
  api=0 type=0 insize=5370 outsize=1058 kw=DIRECTIONAL SHADOWS_OFF LIGHTMAP_OFF DIRLIGHTMAP_OFF ok=1
Cmd: compileSnippet
  api=0 type=1 insize=5370 outsize=828 kw=DIRECTIONAL SHADOWS_OFF LIGHTMAP_OFF DIRLIGHTMAP_OFF ok=1
Cmd: compileSnippet
  api=0 type=0 insize=3313 outsize=857 kw=POINT ok=1
Cmd: compileSnippet
  api=0 type=1 insize=3313 outsize=1049 kw=POINT ok=1
Cmd: preprocess
  insize=2263 outsize=2228 ok=1
Cmd: compileSnippet
  api=0 type=0 insize=5593 outsize=1436 kw=DIRECTIONAL SHADOWS_OFF LIGHTMAP_OFF DIRLIGHTMAP_OFF ok=1
Cmd: compileSnippet
  api=0 type=1 insize=5593 outsize=1159 kw=DIRECTIONAL SHADOWS_OFF LIGHTMAP_OFF DIRLIGHTMAP_OFF ok=1
Cmd: compileSnippet
  api=0 type=0 insize=3436 outsize=1314 kw=POINT ok=1
Cmd: compileSnippet
  api=0 type=1 insize=3436 outsize=1328 kw=POINT ok=1
Cmd: compileSnippet
  api=0 type=0 insize=4351 outsize=919 kw=DIRECTIONAL SHADOWS_OFF LIGHTMAP_OFF DIRLIGHTMAP_OFF ok=1
Cmd: compileSnippet
  api=0 type=1 insize=4351 outsize=416 kw=DIRECTIONAL SHADOWS_OFF LIGHTMAP_OFF DIRLIGHTMAP_OFF ok=1
Cmd: compileSnippet
  api=0 type=0 insize=2326 outsize=817 kw=POINT ok=1
Cmd: compileSnippet
  api=0 type=1 insize=2326 outsize=597 kw=POINT ok=1
Cmd: compileSnippet
  api=0 type=0 insize=1854 outsize=457 kw= ok=1
Cmd: compileSnippet
  api=0 type=1 insize=1854 outsize=159 kw= ok=1
Cmd: compileSnippet
  api=0 type=0 insize=4067 outsize=905 kw=LIGHTMAP_OFF DIRLIGHTMAP_OFF HDR_LIGHT_PREPASS_OFF ok=1
Cmd: compileSnippet
  api=0 type=1 insize=4067 outsize=397 kw=LIGHTMAP_OFF DIRLIGHTMAP_OFF HDR_LIGHT_PREPASS_OFF ok=1
Cmd: compileSnippet
  api=0 type=0 insize=898 outsize=360 kw= ok=1
Cmd: compileSnippet
  api=0 type=1 insize=898 outsize=143 kw= ok=1
Cmd: compileSnippet
  api=5 type=0 insize=1770 outsize=1649 kw= ok=1
Cmd: compileSnippet
  api=5 type=1 insize=1770 outsize=6 kw= ok=1
Cmd: compileSnippet
  api=5 type=0 insize=1381 outsize=1452 kw= ok=1
Cmd: compileSnippet
  api=5 type=1 insize=1381 outsize=6 kw= ok=1
Cmd: compileSnippet
  api=5 type=0 insize=2154 outsize=2157 kw= ok=1
Cmd: compileSnippet
  api=5 type=1 insize=2154 outsize=6 kw= ok=1
Cmd: compileSnippet
  api=5 type=0 insize=1788 outsize=1625 kw= ok=1
Cmd: compileSnippet
  api=5 type=1 insize=1788 outsize=6 kw= ok=1
Cmd: compileSnippet
  api=5 type=0 insize=2219 outsize=2317 kw= ok=1
Cmd: compileSnippet
  api=5 type=1 insize=2219 outsize=6 kw= ok=1
Cmd: compileSnippet
  api=5 type=0 insize=1852 outsize=1785 kw= ok=1
Cmd: compileSnippet
  api=5 type=1 insize=1852 outsize=6 kw= ok=1
Cmd: compileSnippet
  api=5 type=0 insize=924 outsize=693 kw= ok=1
Cmd: compileSnippet
  api=9 type=1 insize=924 outsize=7 kw= ok=1
Cmd: compileSnippet
  api=5 type=0 insize=2137 outsize=2181 kw= ok=1
Cmd: compileSnippet
  api=5 type=1 insize=2137 outsize=6 kw= ok=1
Cmd: compileSnippet
  api=5 type=0 insize=1329 outsize=1268 kw= ok=1
Cmd: compileSnippet
  api=5 type=1 insize=1329 outsize=6 kw= ok=1
Cmd: compileSnippet
  api=5 type=0 insize=1252 outsize=1105 kw= ok=1
Cmd: compileSnippet
  api=5 type=1 insize=1252 outsize=6 kw= ok=1
Cmd: compileSnippet
  api=5 type=0 insize=1237 outsize=1129 kw= ok=1
Cmd: compileSnippet
  api=5 type=1 insize=1237 outsize=6 kw= ok=1
Cmd: compileSnippet
  api=5 type=0 insize=2284 outsize=2507 kw= ok=1
Cmd: compileSnippet
  api=5 type=1 insize=2284 outsize=6 kw= ok=1
Cmd: compileSnippet
  api=9 type=0 insize=898 outsize=629 kw= ok=1
Cmd: compileSnippet
  api=5 type=1 insize=898 outsize=6 kw= ok=1
Cmd: compileSnippet
  api=5 type=0 insize=882 outsize=619 kw= ok=1
Cmd: compileSnippet
  api=5 type=1 insize=882 outsize=6 kw= ok=1
Cmd: compileSnippet
  api=5 type=0 insize=1051 outsize=1040 kw= ok=1
Cmd: compileSnippet
  api=5 type=1 insize=1051 outsize=6 kw= ok=1
Cmd: compileSnippet
  api=5 type=0 insize=1917 outsize=1972 kw= ok=1
Cmd: compileSnippet
  api=5 type=1 insize=1917 outsize=6 kw= ok=1
